0 info it worked if it ends with ok
1 verbose cli [ 'C:\\Program Files\\nodejs\\node.exe',
1 verbose cli   'C:\\Program Files\\nodejs\\node_modules\\npm\\bin\\npm-cli.js',
1 verbose cli   'install',
1 verbose cli   'bower.json' ]
2 info using npm@2.15.1
3 info using node@v4.4.3
4 verbose install initial load of E:\Learning\专业综合项目\project\package.json
5 warn package.json Ranger@0.0.0 No license field.
6 verbose installManyTop reading scoped package data from E:\Learning\专业综合项目\project\node_modules\bower\package.json
7 verbose readDependencies loading dependencies from E:\Learning\专业综合项目\project\package.json
8 silly cache add args [ 'bower.json', null ]
9 verbose cache add spec bower.json
10 silly cache add parsed spec Result {
10 silly cache add   raw: 'bower.json',
10 silly cache add   scope: null,
10 silly cache add   name: null,
10 silly cache add   rawSpec: 'bower.json',
10 silly cache add   spec: 'E:\\Learning\\专业综合项目\\project\\bower.json',
10 silly cache add   type: 'local' }
11 silly addLocalTarball shasum (computed) bb64e0b26f95803d8d7c2235e69238ec753b3005
12 verbose addTmpTarball E:\Learning\专业综合项目\project\bower.json not in flight; adding
13 verbose correctMkdir C:\Users\pc-dll\AppData\Roaming\npm-cache correctMkdir not in flight; initializing
14 verbose addTmpTarball validating metadata from E:\Learning\专业综合项目\project\bower.json
15 verbose tar unpack E:\Learning\专业综合项目\project\bower.json
16 verbose tar unpacking to C:\Users\pc-dll\AppData\Local\Temp\npm-70476-55a24b14\unpack-182aafd899f7
17 silly gentlyRm C:\Users\pc-dll\AppData\Local\Temp\npm-70476-55a24b14\unpack-182aafd899f7 is being purged
18 verbose gentlyRm don't care about contents; nuking C:\Users\pc-dll\AppData\Local\Temp\npm-70476-55a24b14\unpack-182aafd899f7
19 silly gunzTarPerm modes [ '777', '666' ]
20 error not a package E:\Learning\专业综合项目\project\bower.json
21 error addLocal Could not install E:\Learning\专业综合项目\project\bower.json
22 verbose stack Error: ENOENT: no such file or directory, open 'C:\Users\pc-dll\AppData\Local\Temp\npm-70476-55a24b14\unpack-182aafd899f7\package.json'
22 verbose stack     at Error (native)
23 verbose cwd E:\Learning\专业综合项目\project
24 error Windows_NT 10.0.10586
25 error argv "C:\\Program Files\\nodejs\\node.exe" "C:\\Program Files\\nodejs\\node_modules\\npm\\bin\\npm-cli.js" "install" "bower.json"
26 error node v4.4.3
27 error npm  v2.15.1
28 error path C:\Users\pc-dll\AppData\Local\Temp\npm-70476-55a24b14\unpack-182aafd899f7\package.json
29 error code ENOENT
30 error errno -4058
31 error syscall open
32 error enoent ENOENT: no such file or directory, open 'C:\Users\pc-dll\AppData\Local\Temp\npm-70476-55a24b14\unpack-182aafd899f7\package.json'
32 error enoent This is most likely not a problem with npm itself
32 error enoent and is related to npm not being able to find a file.
33 verbose exit [ -4058, true ]
